c:\users\asus\downloads\totoro_final\totoro_final\chihuahua\chihuahua\x64\debug\vc143.pdb
c:\users\asus\downloads\totoro_final\totoro_final\chihuahua\chihuahua\x64\debug\vc143.idb
c:\users\asus\downloads\totoro_final\totoro_final\chihuahua\chihuahua\x64\debug\text.obj
c:\users\asus\downloads\totoro_final\totoro_final\chihuahua\chihuahua\x64\debug\system.obj
c:\users\asus\downloads\totoro_final\totoro_final\chihuahua\chihuahua\x64\debug\star.obj
c:\users\asus\downloads\totoro_final\totoro_final\chihuahua\chihuahua\x64\debug\score.obj
c:\users\asus\downloads\totoro_final\totoro_final\chihuahua\chihuahua\x64\debug\role.obj
c:\users\asus\downloads\totoro_final\totoro_final\chihuahua\chihuahua\x64\debug\renderwindow.obj
c:\users\asus\downloads\totoro_final\totoro_final\chihuahua\chihuahua\x64\debug\playerrole.obj
c:\users\asus\downloads\totoro_final\totoro_final\chihuahua\chihuahua\x64\debug\mixer.obj
c:\users\asus\downloads\totoro_final\totoro_final\chihuahua\chihuahua\x64\debug\main.obj
c:\users\asus\downloads\totoro_final\totoro_final\chihuahua\chihuahua\x64\debug\item.obj
c:\users\asus\downloads\totoro_final\totoro_final\chihuahua\chihuahua\x64\debug\image.obj
c:\users\asus\downloads\totoro_final\totoro_final\chihuahua\chihuahua\x64\debug\floor.obj
c:\users\asus\downloads\totoro_final\totoro_final\chihuahua\chihuahua\x64\debug\background.obj
c:\users\asus\downloads\totoro_final\totoro_final\chihuahua\chihuahua\x64\debug\chihuahua.ilk
c:\users\asus\downloads\totoro_final\totoro_final\chihuahua\x64\debug\chihuahua.exe
c:\users\asus\downloads\totoro_final\totoro_final\chihuahua\x64\debug\chihuahua.pdb
c:\users\asus\downloads\totoro_final\totoro_final\chihuahua\chihuahua\x64\debug\chihuahua.tlog\cl.command.1.tlog
c:\users\asus\downloads\totoro_final\totoro_final\chihuahua\chihuahua\x64\debug\chihuahua.tlog\cl.read.1.tlog
c:\users\asus\downloads\totoro_final\totoro_final\chihuahua\chihuahua\x64\debug\chihuahua.tlog\cl.write.1.tlog
c:\users\asus\downloads\totoro_final\totoro_final\chihuahua\chihuahua\x64\debug\chihuahua.tlog\link.command.1.tlog
c:\users\asus\downloads\totoro_final\totoro_final\chihuahua\chihuahua\x64\debug\chihuahua.tlog\link.read.1.tlog
c:\users\asus\downloads\totoro_final\totoro_final\chihuahua\chihuahua\x64\debug\chihuahua.tlog\link.write.1.tlog
